<?xml version="1.0" encoding="UTF-8"?>
<!-- Generated by org.testng.reporters.JUnitReportReporter -->
<testsuite hostname="Yeshwanth-Kuruvilla" failures="0" tests="1" name="Demo.TestLine" time="139.257" errors="0" timestamp="2025-06-13T18:43:20 IST" skipped="0">
  <testcase classname="Demo.TestLine" name="createRDVWithDeductionHold" time="139.257"/>
</testsuite> <!-- Demo.TestLine -->
