<?xml version="1.0" encoding="UTF-8"?>
<!-- Generated by org.testng.reporters.JUnitReportReporter -->
<testsuite hostname="Yeshwanth-Kuruvilla" failures="0" tests="4" name="RDVInvoice.RDVInvoiceWithAllDeduction" time="711.575" errors="0" timestamp="2025-06-21T11:22:02 IST" skipped="0">
  <testcase classname="RDVInvoice.RDVInvoiceWithAllDeduction" name="InvoiceWithAllDeductions" time="387.098"/>
  <testcase classname="RDVInvoice.RDVInvoiceWithAllDeduction" name="purchaseOrderCreation" time="167.337"/>
  <testcase classname="RDVInvoice.RDVInvoiceWithAllDeduction" name="POReceiptCreationForRDVWithAllDeductions" time="37.283"/>
  <testcase classname="RDVInvoice.RDVInvoiceWithAllDeduction" name="createRDVWithAllDeductions" time="119.857"/>
</testsuite> <!-- RDVInvoice.RDVInvoiceWithAllDeduction -->
