<?xml version="1.0" encoding="UTF-8"?>
<!-- Generated by org.testng.reporters.JUnitReportReporter -->
<testsuite hostname="Yeshwanth-Kuruvilla" failures="0" tests="1" name="Demo.RDVInvoiceWithNoDeductionWithoutPOM" time="32.520" errors="0" timestamp="2025-06-17T15:06:49 IST" skipped="0">
  <testcase classname="Demo.RDVInvoiceWithNoDeductionWithoutPOM" name="InvoiceWithNoDeduction" time="32.520"/>
</testsuite> <!-- Demo.RDVInvoiceWithNoDeductionWithoutPOM -->
