<?xml version="1.0" encoding="UTF-8"?>
<!-- Generated by org.testng.reporters.JUnitReportReporter -->
<testsuite hostname="Yeshwanth-Kuruvilla" failures="0" tests="1" name="Demo.TestLine" time="160.543" errors="0" timestamp="2025-06-18T12:56:39 IST" skipped="0">
  <testcase classname="Demo.TestLine" name="InvoiceWithNoDeduction" time="160.543"/>
</testsuite> <!-- Demo.TestLine -->
