<?xml version="1.0" encoding="UTF-8"?>
<!-- Generated by org.testng.reporters.JUnitReportReporter -->
<testsuite hostname="Yeshwanth-Kuruvilla" failures="0" tests="1" name="RDVInvoice.RDVInvoiceWithNoDeduction" time="0.000" errors="0" timestamp="2025-06-11T18:40:15 IST" skipped="1">
  <testcase classname="RDVInvoice.RDVInvoiceWithNoDeduction" name="InvoiceWithNoDeduction" time="0.000">
    <skipped/>
  </testcase> <!-- InvoiceWithNoDeduction -->
</testsuite> <!-- RDVInvoice.RDVInvoiceWithNoDeduction -->
