<?xml version="1.0" encoding="UTF-8"?>
<!-- Generated by org.testng.reporters.JUnitReportReporter -->
<testsuite hostname="Yeshwanth-Kuruvilla" failures="0" tests="3" name="ReceiptCreationFromPO.POReceipt" time="185.527" errors="0" timestamp="2025-06-05T12:04:15 IST" skipped="0">
  <testcase classname="ReceiptCreationFromPO.POReceipt" name="purchaseOrderCreation" time="122.670"/>
  <testcase classname="ReceiptCreationFromPO.POReceipt" name="POReceiptCreation2" time="32.180"/>
  <testcase classname="ReceiptCreationFromPO.POReceipt" name="POReceiptCreation1" time="30.677"/>
</testsuite> <!-- ReceiptCreationFromPO.POReceipt -->
