<?xml version="1.0" encoding="UTF-8"?>
<!-- Generated by org.testng.reporters.JUnitReportReporter -->
<testsuite hostname="Yeshwanth-Kuruvilla" failures="0" tests="2" name="RDVCreation.RDVCreation" time="95.003" errors="0" timestamp="2025-06-04T12:48:40 IST" skipped="0">
  <testcase classname="RDVCreation.RDVCreation" name="createRDVWithDeductionHold" time="44.222"/>
  <testcase classname="RDVCreation.RDVCreation" name="createRDVWithNoDeduction" time="50.781"/>
</testsuite> <!-- RDVCreation.RDVCreation -->
