<?xml version="1.0" encoding="UTF-8"?>
<!-- Generated by org.testng.reporters.JUnitReportReporter -->
<testsuite hostname="Yeshwanth-Kuruvilla" failures="0" tests="3" name="ReceiptCreationFromPO.POReceipt" time="174.850" errors="0" timestamp="2025-06-04T12:48:40 IST" skipped="0">
  <testcase classname="ReceiptCreationFromPO.POReceipt" name="purchaseOrderCreation" time="114.300"/>
  <testcase classname="ReceiptCreationFromPO.POReceipt" name="POReceiptCreation1" time="30.482"/>
  <testcase classname="ReceiptCreationFromPO.POReceipt" name="POReceiptCreation2" time="30.068"/>
</testsuite> <!-- ReceiptCreationFromPO.POReceipt -->
