<?xml version="1.0" encoding="UTF-8"?>
<!-- Generated by org.testng.reporters.JUnitReportReporter -->
<testsuite hostname="Yeshwanth-Kuruvilla" failures="0" tests="4" name="ReceiptCreationFromPO.POReceipt" time="208.378" errors="0" timestamp="2025-06-05T18:38:54 IST" skipped="1">
  <testcase classname="ReceiptCreationFromPO.POReceipt" name="POReceiptCreation1" time="31.157"/>
  <testcase classname="ReceiptCreationFromPO.POReceipt" name="purchaseOrderCreation" time="117.923"/>
  <testcase classname="ReceiptCreationFromPO.POReceipt" name="POReceiptCreation2" time="31.516"/>
  <testcase classname="ReceiptCreationFromPO.POReceipt" name="POReceiptCreation1" time="27.782">
    <skipped/>
  </testcase> <!-- POReceiptCreation1 -->
</testsuite> <!-- ReceiptCreationFromPO.POReceipt -->
