<?xml version="1.0" encoding="UTF-8"?>
<!-- Generated by org.testng.reporters.JUnitReportReporter -->
<testsuite hostname="Yeshwanth-Kuruvilla" failures="0" tests="11" name="RDVCreation.RDVCreation" time="672.815" errors="0" timestamp="2025-06-13T13:03:10 IST" skipped="0">
  <testcase classname="RDVCreation.RDVCreation" name="purchaseOrderCreation" time="112.332"/>
  <testcase classname="RDVCreation.RDVCreation" name="createRDVWithDeductionPenalty" time="81.179"/>
  <testcase classname="RDVCreation.RDVCreation" name="createRDVWithDeductionHold" time="75.114"/>
  <testcase classname="RDVCreation.RDVCreation" name="POReceiptCreationForRDVDeductionPenalty" time="32.100"/>
  <testcase classname="RDVCreation.RDVCreation" name="POReceiptCreationForRDVDeductionExternalPenalty" time="32.579"/>
  <testcase classname="RDVCreation.RDVCreation" name="POReceiptCreationForRDVWithAllDeductions" time="32.327"/>
  <testcase classname="RDVCreation.RDVCreation" name="POReceiptCreationForRDVNoDeduction" time="30.246"/>
  <testcase classname="RDVCreation.RDVCreation" name="POReceiptCreationForRDVDeductionHold" time="32.525"/>
  <testcase classname="RDVCreation.RDVCreation" name="createRDVWithAllDeductions" time="96.754"/>
  <testcase classname="RDVCreation.RDVCreation" name="createRDVWithDeductionExternalPenalty" time="79.476"/>
  <testcase classname="RDVCreation.RDVCreation" name="createRDVWithNoDeduction" time="68.183"/>
</testsuite> <!-- RDVCreation.RDVCreation -->
