<?xml version="1.0" encoding="UTF-8"?>
<!-- Generated by org.testng.reporters.JUnitReportReporter -->
<testsuite hostname="Yeshwanth-Kuruvilla" failures="0" tests="1" name="PurchaseOrderCreation.PurchaseOrder" time="140.766" errors="0" timestamp="2025-06-05T14:54:16 IST" skipped="0">
  <testcase classname="PurchaseOrderCreation.PurchaseOrder" name="purchaseOrderCreation" time="140.766"/>
</testsuite> <!-- PurchaseOrderCreation.PurchaseOrder -->
