<?xml version="1.0" encoding="UTF-8"?>
<!-- Generated by org.testng.reporters.JUnitReportReporter -->
<testsuite hostname="Yeshwanth-Kuruvilla" failures="0" tests="4" name="RDVInvoice.RDVInvoiceWithNoDeduction" time="397.810" errors="0" timestamp="2025-06-24T15:42:11 IST" skipped="0">
  <testcase classname="RDVInvoice.RDVInvoiceWithNoDeduction" name="POReceiptCreationForRDVNoDeduction" time="45.922"/>
  <testcase classname="RDVInvoice.RDVInvoiceWithNoDeduction" name="InvoiceWithNoDeduction" time="148.436"/>
  <testcase classname="RDVInvoice.RDVInvoiceWithNoDeduction" name="purchaseOrderCreation" time="125.886"/>
  <testcase classname="RDVInvoice.RDVInvoiceWithNoDeduction" name="createRDVWithNoDeduction" time="77.566"/>
</testsuite> <!-- RDVInvoice.RDVInvoiceWithNoDeduction -->
