<?xml version="1.0" encoding="UTF-8"?>
<!-- Generated by org.testng.reporters.JUnitReportReporter -->
<testsuite hostname="Yeshwanth-Kuruvilla" failures="0" tests="4" name="RDVCreation.RDVCreation" time="322.721" errors="0" timestamp="2025-06-18T13:07:20 IST" skipped="1">
  <testcase classname="RDVCreation.RDVCreation" name="purchaseOrderCreation" time="115.644"/>
  <testcase classname="RDVCreation.RDVCreation" name="purchaseOrderCreation" time="107.856">
    <skipped/>
  </testcase> <!-- purchaseOrderCreation -->
  <testcase classname="RDVCreation.RDVCreation" name="POReceiptCreationForRDVNoDeduction" time="28.828"/>
  <testcase classname="RDVCreation.RDVCreation" name="createRDVWithNoDeduction" time="70.393"/>
</testsuite> <!-- RDVCreation.RDVCreation -->
