<?xml version="1.0" encoding="UTF-8"?>
<!-- Generated by org.testng.reporters.JUnitReportReporter -->
<testsuite hostname="Yeshwanth-Kuruvilla" failures="0" tests="1" name="PurchaseOrderCreation.PurchaseOrder" time="250.717" errors="0" timestamp="2025-06-21T12:01:04 IST" skipped="0">
  <testcase classname="PurchaseOrderCreation.PurchaseOrder" name="purchaseOrderCreation" time="250.717"/>
</testsuite> <!-- PurchaseOrderCreation.PurchaseOrder -->
