<?xml version="1.0" encoding="UTF-8"?>
<!-- Generated by org.testng.reporters.JUnitReportReporter -->
<testsuite hostname="Yeshwanth-Kuruvilla" failures="0" tests="1" name="PurchaseOrderCreation.PurchaseOrder" time="141.790" errors="0" timestamp="2025-05-15T14:47:09 IST" skipped="0">
  <testcase classname="PurchaseOrderCreation.PurchaseOrder" name="purchaseOrderCreation" time="141.790"/>
</testsuite> <!-- PurchaseOrderCreation.PurchaseOrder -->
