<?xml version="1.0" encoding="UTF-8"?>
<!-- Generated by org.testng.reporters.JUnitReportReporter -->
<testsuite hostname="Yeshwanth-Kuruvilla" failures="0" tests="1" name="PaymentOut.PaymentOutForInvoiceWithNoDeduction" time="72.186" errors="0" timestamp="2025-06-24T15:42:11 IST" skipped="0">
  <testcase classname="PaymentOut.PaymentOutForInvoiceWithNoDeduction" name="paymentOutForInvWithNoDed" time="72.186"/>
</testsuite> <!-- PaymentOut.PaymentOutForInvoiceWithNoDeduction -->
