<?xml version="1.0" encoding="UTF-8"?>
<!-- Generated by org.testng.reporters.JUnitReportReporter -->
<testsuite hostname="Yeshwanth-Kuruvilla" failures="0" tests="1" name="RDVInvoice.RDVInvoiceWithNoDeduction" time="141.257" errors="0" timestamp="2025-06-18T13:07:20 IST" skipped="0">
  <testcase classname="RDVInvoice.RDVInvoiceWithNoDeduction" name="InvoiceWithNoDeduction" time="141.257"/>
</testsuite> <!-- RDVInvoice.RDVInvoiceWithNoDeduction -->
