<?xml version="1.0" encoding="UTF-8"?>
<!-- Generated by org.testng.reporters.JUnitReportReporter -->
<testsuite hostname="Yeshwanth-Kuruvilla" failures="0" tests="4" name="RDVInvoice.RDVInvoiceWithPenaltyDeduction" time="402.964" errors="0" timestamp="2025-06-19T15:00:17 IST" skipped="0">
  <testcase classname="RDVInvoice.RDVInvoiceWithPenaltyDeduction" name="purchaseOrderCreation" time="113.734"/>
  <testcase classname="RDVInvoice.RDVInvoiceWithPenaltyDeduction" name="POReceiptCreationForRDVDeductionPenalty" time="32.855"/>
  <testcase classname="RDVInvoice.RDVInvoiceWithPenaltyDeduction" name="InvoiceWithPenaltyDeduction" time="169.199"/>
  <testcase classname="RDVInvoice.RDVInvoiceWithPenaltyDeduction" name="createRDVWithDeductionPenalty" time="87.176"/>
</testsuite> <!-- RDVInvoice.RDVInvoiceWithPenaltyDeduction -->
