<?xml version="1.0" encoding="UTF-8"?>
<!-- Generated by org.testng.reporters.JUnitReportReporter -->
<testsuite hostname="Yeshwanth-Kuruvilla" failures="0" tests="13" name="RDVCreation.RDVCreation" time="668.573" errors="0" timestamp="2025-06-11T16:10:32 IST" skipped="2">
  <testcase classname="RDVCreation.RDVCreation" name="POReceiptCreationForRDVDeductionExternalPenalty" time="29.206"/>
  <testcase classname="RDVCreation.RDVCreation" name="createRDVWithNoDeduction" time="58.687"/>
  <testcase classname="RDVCreation.RDVCreation" name="POReceiptCreationForRDVWithAllDeductions" time="38.602"/>
  <testcase classname="RDVCreation.RDVCreation" name="POReceiptCreationForRDVDeductionPenalty" time="31.721"/>
  <testcase classname="RDVCreation.RDVCreation" name="createRDVWithDeductionExternalPenalty" time="58.749"/>
  <testcase classname="RDVCreation.RDVCreation" name="POReceiptCreationForRDVDeductionHold" time="31.627"/>
  <testcase classname="RDVCreation.RDVCreation" name="createRDVWithDeductionPenalty" time="59.929"/>
  <testcase classname="RDVCreation.RDVCreation" name="createRDVWithAllDeductions" time="76.847"/>
  <testcase classname="RDVCreation.RDVCreation" name="createRDVWithDeductionExternalPenalty" time="28.549">
    <skipped/>
  </testcase> <!-- createRDVWithDeductionExternalPenalty -->
  <testcase classname="RDVCreation.RDVCreation" name="POReceiptCreationForRDVNoDeduction" time="31.770"/>
  <testcase classname="RDVCreation.RDVCreation" name="createRDVWithAllDeductions" time="39.341">
    <skipped/>
  </testcase> <!-- createRDVWithAllDeductions -->
  <testcase classname="RDVCreation.RDVCreation" name="purchaseOrderCreation" time="126.216"/>
  <testcase classname="RDVCreation.RDVCreation" name="createRDVWithDeductionHold" time="57.329"/>
</testsuite> <!-- RDVCreation.RDVCreation -->
