<?xml version="1.0" encoding="UTF-8"?>
<!-- Generated by org.testng.reporters.JUnitReportReporter -->
<testsuite hostname="Yeshwanth-Kuruvilla" failures="0" tests="11" name="RDVCreation.RDVCreation" time="1019.464" errors="0" timestamp="2025-06-13T19:26:14 IST" skipped="0">
  <testcase classname="RDVCreation.RDVCreation" name="createRDVWithAllDeductions" time="163.783"/>
  <testcase classname="RDVCreation.RDVCreation" name="POReceiptCreationForRDVDeductionExternalPenalty" time="29.760"/>
  <testcase classname="RDVCreation.RDVCreation" name="POReceiptCreationForRDVDeductionHold" time="33.960"/>
  <testcase classname="RDVCreation.RDVCreation" name="POReceiptCreationForRDVWithAllDeductions" time="29.938"/>
  <testcase classname="RDVCreation.RDVCreation" name="createRDVWithDeductionHold" time="147.564"/>
  <testcase classname="RDVCreation.RDVCreation" name="createRDVWithNoDeduction" time="142.561"/>
  <testcase classname="RDVCreation.RDVCreation" name="createRDVWithDeductionPenalty" time="149.643"/>
  <testcase classname="RDVCreation.RDVCreation" name="createRDVWithDeductionExternalPenalty" time="146.158"/>
  <testcase classname="RDVCreation.RDVCreation" name="purchaseOrderCreation" time="114.310"/>
  <testcase classname="RDVCreation.RDVCreation" name="POReceiptCreationForRDVNoDeduction" time="29.758"/>
  <testcase classname="RDVCreation.RDVCreation" name="POReceiptCreationForRDVDeductionPenalty" time="32.029"/>
</testsuite> <!-- RDVCreation.RDVCreation -->
