<?xml version="1.0" encoding="UTF-8"?>
<!-- Generated by org.testng.reporters.JUnitReportReporter -->
<testsuite hostname="Yeshwanth-Kuruvilla" failures="0" tests="5" name="RDVInvoice.RDVInvoiceWithHoldDeduction" time="492.877" errors="0" timestamp="2025-06-19T11:44:24 IST" skipped="1">
  <testcase classname="RDVInvoice.RDVInvoiceWithHoldDeduction" name="purchaseOrderCreation" time="123.745"/>
  <testcase classname="RDVInvoice.RDVInvoiceWithHoldDeduction" name="createRDVWithDeductionHold" time="90.327"/>
  <testcase classname="RDVInvoice.RDVInvoiceWithHoldDeduction" name="POReceiptCreationForRDVDeductionHold" time="33.252"/>
  <testcase classname="RDVInvoice.RDVInvoiceWithHoldDeduction" name="createRDVWithDeductionHold" time="34.917">
    <skipped/>
  </testcase> <!-- createRDVWithDeductionHold -->
  <testcase classname="RDVInvoice.RDVInvoiceWithHoldDeduction" name="InvoiceWithNoDeduction" time="210.636"/>
</testsuite> <!-- RDVInvoice.RDVInvoiceWithHoldDeduction -->
