<?xml version="1.0" encoding="UTF-8"?>
<!-- Generated by org.testng.reporters.JUnitReportReporter -->
<testsuite hostname="Yeshwanth-Kuruvilla" failures="0" tests="2" name="RDVCreation.RDVCreation" time="102.467" errors="0" timestamp="2025-06-05T12:04:15 IST" skipped="0">
  <testcase classname="RDVCreation.RDVCreation" name="createRDVWithNoDeduction" time="55.945"/>
  <testcase classname="RDVCreation.RDVCreation" name="createRDVWithDeductionHold" time="46.522"/>
</testsuite> <!-- RDVCreation.RDVCreation -->
