<?xml version="1.0" encoding="UTF-8"?>
<!-- Generated by org.testng.reporters.JUnitReportReporter -->
<testsuite hostname="Yeshwanth-Kuruvilla" failures="0" tests="1" name="PurchaseOrderCreation.PurchaseOrder" time="86.771" errors="0" timestamp="2025-05-14T16:01:44 IST" skipped="0">
  <testcase classname="PurchaseOrderCreation.PurchaseOrder" name="purchaseOrderCreation" time="86.771"/>
</testsuite> <!-- PurchaseOrderCreation.PurchaseOrder -->
